<?xml version="1.0" encoding="utf-8"?>
<coverage line-rate="1" branch-rate="1" version="1.9" timestamp="1777237416" lines-covered="247" lines-valid="247" branches-covered="92" branches-valid="92">
  <sources>
    <source>F:\Proiecte\ProiectTSS\ProiectTSS\</source>
  </sources>
  <packages>
    <package name="ProiectTSS" line-rate="1" branch-rate="1" complexity="125">
      <classes>
        <class name="Program" filename="Program.cs" line-rate="1" branch-rate="1" complexity="2">
          <methods>
            <method name="&lt;Main&gt;$" signature="(System.String[])" line-rate="1" branch-rate="1" complexity="2">
              <lines>
                <line number="4" hits="3" branch="False" />
                <line number="8" hits="3" branch="False" />
                <line number="9" hits="3" branch="False" />
                <line number="11" hits="3" branch="False" />
                <line number="13" hits="3" branch="False" />
                <line number="16" hits="3" branch="True" condition-coverage="100% (2/2)">
                  <conditions>
                    <condition number="63" type="jump" coverage="100%" />
                  </conditions>
                </line>
                <line number="17" hits="1" branch="False" />
                <line number="18" hits="1" branch="False" />
                <line number="19" hits="1" branch="False" />
                <line number="21" hits="3" branch="False" />
                <line number="23" hits="3" branch="False" />
                <line number="25" hits="3" branch="False" />
                <line number="27" hits="3" branch="False" />
              </lines>
            </method>
          </methods>
          <lines>
            <line number="4" hits="3" branch="False" />
            <line number="8" hits="3" branch="False" />
            <line number="9" hits="3" branch="False" />
            <line number="11" hits="3" branch="False" />
            <line number="13" hits="3" branch="False" />
            <line number="16" hits="3" branch="True" condition-coverage="100% (2/2)">
              <conditions>
                <condition number="63" type="jump" coverage="100%" />
              </conditions>
            </line>
            <line number="17" hits="1" branch="False" />
            <line number="18" hits="1" branch="False" />
            <line number="19" hits="1" branch="False" />
            <line number="21" hits="3" branch="False" />
            <line number="23" hits="3" branch="False" />
            <line number="25" hits="3" branch="False" />
            <line number="27" hits="3" branch="False" />
          </lines>
        </class>
        <class name="ProiectTSS.Services.ShippingCalculatorService" filename="Services\ShippingCalculatorService.cs" line-rate="1" branch-rate="1" complexity="91">
          <methods>
            <method name="Calculate" signature="(ProiectTSS.Dtos.ShippingQuoteRequest)" line-rate="1" branch-rate="1" complexity="24">
              <lines>
                <line number="26" hits="155" branch="False" />
                <line number="27" hits="155" branch="False" />
                <line number="28" hits="155" branch="False" />
                <line number="29" hits="155" branch="False" />
                <line number="31" hits="155" branch="False" />
                <line number="33" hits="144" branch="False" />
                <line number="34" hits="144" branch="False" />
                <line number="36" hits="144" branch="True" condition-coverage="100% (2/2)">
                  <conditions>
                    <condition number="59" type="jump" coverage="100%" />
                  </conditions>
                </line>
                <line number="37" hits="31" branch="False" />
                <line number="38" hits="31" branch="False" />
                <line number="39" hits="31" branch="False" />
                <line number="40" hits="31" branch="False" />
                <line number="42" hits="113" branch="False" />
                <line number="43" hits="113" branch="True" condition-coverage="100% (2/2)">
                  <conditions>
                    <condition number="118" type="jump" coverage="100%" />
                  </conditions>
                </line>
                <line number="44" hits="61" branch="False" />
                <line number="45" hits="61" branch="False" />
                <line number="46" hits="380" branch="True" condition-coverage="100% (2/2)">
                  <conditions>
                    <condition number="270" type="jump" coverage="100%" />
                  </conditions>
                </line>
                <line number="47" hits="99" branch="False" />
                <line number="48" hits="99" branch="False" />
                <line number="49" hits="99" branch="False" />
                <line number="50" hits="98" branch="False" />
                <line number="51" hits="98" branch="False" />
                <line number="52" hits="60" branch="False" />
                <line number="54" hits="52" branch="False" />
                <line number="55" hits="52" branch="False" />
                <line number="56" hits="52" branch="False" />
                <line number="57" hits="52" branch="False" />
                <line number="58" hits="352" branch="True" condition-coverage="100% (2/2)">
                  <conditions>
                    <condition number="470" type="jump" coverage="100%" />
                  </conditions>
                </line>
                <line number="59" hits="98" branch="False" />
                <line number="60" hits="98" branch="False" />
                <line number="61" hits="98" branch="False" />
                <line number="62" hits="98" branch="False" />
                <line number="63" hits="98" branch="False" />
                <line number="64" hits="52" branch="False" />
                <line number="65" hits="112" branch="False" />
                <line number="67" hits="143" branch="True" condition-coverage="100% (2/2)">
                  <conditions>
                    <condition number="506" type="jump" coverage="100%" />
                  </conditions>
                </line>
                <line number="68" hits="60" branch="False" />
                <line number="69" hits="60" branch="False" />
                <line number="70" hits="60" branch="False" />
                <line number="71" hits="60" branch="False" />
                <line number="73" hits="143" branch="False" />
                <line number="74" hits="143" branch="True" condition-coverage="100% (2/2)">
                  <conditions>
                    <condition number="613" type="jump" coverage="100%" />
                  </conditions>
                </line>
                <line number="75" hits="52" branch="False" />
                <line number="76" hits="52" branch="False" />
                <line number="77" hits="52" branch="False" />
                <line number="78" hits="52" branch="False" />
                <line number="80" hits="143" branch="False" />
                <line number="81" hits="143" branch="False" />
                <line number="83" hits="143" branch="False" />
                <line number="84" hits="143" branch="True" condition-coverage="100% (4/4)">
                  <conditions>
                    <condition number="703" type="jump" coverage="100%" />
                    <condition number="746" type="jump" coverage="100%" />
                  </conditions>
                </line>
                <line number="85" hits="26" branch="False" />
                <line number="86" hits="26" branch="False" />
                <line number="87" hits="26" branch="False" />
                <line number="88" hits="26" branch="False" />
                <line number="89" hits="26" branch="False" />
                <line number="90" hits="117" branch="True" condition-coverage="100% (2/2)">
                  <conditions>
                    <condition number="798" type="jump" coverage="100%" />
                  </conditions>
                </line>
                <line number="91" hits="39" branch="False" />
                <line number="92" hits="39" branch="False" />
                <line number="93" hits="39" branch="False" />
                <line number="94" hits="39" branch="False" />
                <line number="95" hits="39" branch="False" />
                <line number="97" hits="143" branch="True" condition-coverage="100% (6/6)">
                  <conditions>
                    <condition number="865" type="jump" coverage="100%" />
                    <condition number="905" type="jump" coverage="100%" />
                    <condition number="944" type="jump" coverage="100%" />
                  </conditions>
                </line>
                <line number="98" hits="13" branch="False" />
                <line number="99" hits="13" branch="False" />
                <line number="100" hits="13" branch="False" />
                <line number="101" hits="13" branch="False" />
                <line number="102" hits="13" branch="False" />
                <line number="104" hits="143" branch="False" />
                <line number="105" hits="143" branch="False" />
                <line number="106" hits="143" branch="False" />
                <line number="107" hits="143" branch="False" />
                <line number="108" hits="143" branch="False" />
                <line number="109" hits="143" branch="False" />
                <line number="110" hits="143" branch="False" />
                <line number="111" hits="143" branch="False" />
                <line number="112" hits="143" branch="False" />
                <line number="114" hits="143" branch="False" />
                <line number="115" hits="143" branch="False" />
                <line number="116" hits="143" branch="False" />
                <line number="117" hits="143" branch="False" />
                <line number="118" hits="143" branch="False" />
                <line number="119" hits="143" branch="False" />
                <line number="120" hits="143" branch="False" />
                <line number="121" hits="143" branch="False" />
              </lines>
            </method>
            <method name="ValidateRequest" signature="(ProiectTSS.Dtos.ShippingQuoteRequest,System.Nullable`1&lt;ProiectTSS.Dtos.ShippingZone&gt;,System.Nullable`1&lt;ProiectTSS.Dtos.PricingModel&gt;,System.Nullable`1&lt;ProiectTSS.Dtos.RoundingRule&gt;)" line-rate="1" branch-rate="1" complexity="26">
              <lines>
                <line number="136" hits="155" branch="False" />
                <line number="137" hits="155" branch="True" condition-coverage="100% (2/2)">
                  <conditions>
                    <condition number="17" type="jump" coverage="100%" />
                  </conditions>
                </line>
                <line number="138" hits="1" branch="False" />
                <line number="139" hits="1" branch="False" />
                <line number="142" hits="412" branch="True" condition-coverage="100% (2/2)">
                  <conditions>
                    <condition number="75" type="jump" coverage="100%" />
                  </conditions>
                </line>
                <line number="143" hits="1" branch="False" />
                <line number="144" hits="1" branch="False" />
                <line number="147" hits="153" branch="True" condition-coverage="100% (2/2)">
                  <conditions>
                    <condition number="107" type="jump" coverage="100%" />
                  </conditions>
                </line>
                <line number="148" hits="1" branch="False" />
                <line number="149" hits="1" branch="False" />
                <line number="152" hits="152" branch="True" condition-coverage="100% (4/4)">
                  <conditions>
                    <condition number="128" type="jump" coverage="100%" />
                    <condition number="153" type="jump" coverage="100%" />
                  </conditions>
                </line>
                <line number="153" hits="1" branch="False" />
                <line number="154" hits="1" branch="False" />
                <line number="157" hits="151" branch="True" condition-coverage="100% (4/4)">
                  <conditions>
                    <condition number="174" type="jump" coverage="100%" />
                    <condition number="221" type="jump" coverage="100%" />
                  </conditions>
                </line>
                <line number="158" hits="1" branch="False" />
                <line number="159" hits="1" branch="False" />
                <line number="162" hits="150" branch="True" condition-coverage="100% (2/2)">
                  <conditions>
                    <condition number="249" type="jump" coverage="100%" />
                  </conditions>
                </line>
                <line number="163" hits="1" branch="False" />
                <line number="164" hits="1" branch="False" />
                <line number="167" hits="149" branch="True" condition-coverage="100% (2/2)">
                  <conditions>
                    <condition number="277" type="jump" coverage="100%" />
                  </conditions>
                </line>
                <line number="168" hits="1" branch="False" />
                <line number="169" hits="1" branch="False" />
                <line number="172" hits="400" branch="True" condition-coverage="100% (2/2)">
                  <conditions>
                    <condition number="337" type="jump" coverage="100%" />
                  </conditions>
                </line>
                <line number="173" hits="1" branch="False" />
                <line number="174" hits="1" branch="False" />
                <line number="177" hits="147" branch="True" condition-coverage="100% (2/2)">
                  <conditions>
                    <condition number="367" type="jump" coverage="100%" />
                  </conditions>
                </line>
                <line number="178" hits="54" branch="False" />
                <line number="179" hits="54" branch="True" condition-coverage="100% (2/2)">
                  <conditions>
                    <condition number="397" type="jump" coverage="100%" />
                  </conditions>
                </line>
                <line number="180" hits="2" branch="False" />
                <line number="181" hits="2" branch="False" />
                <line number="184" hits="52" branch="True" condition-coverage="100% (2/2)">
                  <conditions>
                    <condition number="436" type="jump" coverage="100%" />
                  </conditions>
                </line>
                <line number="185" hits="1" branch="False" />
                <line number="186" hits="1" branch="False" />
                <line number="188" hits="51" branch="False" />
                <line number="189" hits="144" branch="False" />
              </lines>
            </method>
            <method name="CalculateCouponDiscount" signature="(System.Decimal,ProiectTSS.Dtos.CouponInput)" line-rate="1" branch-rate="1" complexity="6">
              <lines>
                <line number="198" hits="39" branch="False" />
                <line number="199" hits="39" branch="True" condition-coverage="100% (6/6)">
                  <conditions>
                    <condition number="19" type="jump" coverage="100%" />
                    <condition number="31" type="jump" coverage="100%" />
                    <condition number="37" type="jump" coverage="100%" />
                  </conditions>
                </line>
                <line number="200" hits="39" branch="False" />
                <line number="201" hits="20" branch="False" />
                <line number="202" hits="18" branch="False" />
                <line number="203" hits="1" branch="False" />
                <line number="204" hits="39" branch="False" />
                <line number="206" hits="39" branch="False" />
                <line number="207" hits="39" branch="False" />
              </lines>
            </method>
            <method name="ApplyRounding" signature="(System.Decimal,ProiectTSS.Dtos.RoundingRule)" line-rate="1" branch-rate="1" complexity="4">
              <lines>
                <line number="216" hits="197" branch="False" />
                <line number="217" hits="197" branch="True" condition-coverage="100% (4/4)">
                  <conditions>
                    <condition number="7" type="jump" coverage="100%" />
                    <condition number="13" type="jump" coverage="100%" />
                  </conditions>
                </line>
                <line number="218" hits="197" branch="False" />
                <line number="219" hits="56" branch="False" />
                <line number="220" hits="51" branch="False" />
                <line number="221" hits="90" branch="False" />
                <line number="222" hits="197" branch="False" />
                <line number="223" hits="197" branch="False" />
              </lines>
            </method>
            <method name="GetBracketFee" signature="(ProiectTSS.Dtos.ShippingZone,System.Decimal)" line-rate="1" branch-rate="1" complexity="10">
              <lines>
                <line number="232" hits="99" branch="False" />
                <line number="233" hits="99" branch="True" condition-coverage="100% (4/4)">
                  <conditions>
                    <condition number="8" type="switch" coverage="100%" />
                  </conditions>
                </line>
                <line number="234" hits="99" branch="False" />
                <line number="235" hits="43" branch="False" />
                <line number="236" hits="25" branch="False" />
                <line number="237" hits="30" branch="False" />
                <line number="238" hits="1" branch="False" />
                <line number="239" hits="99" branch="False" />
                <line number="241" hits="98" branch="True" condition-coverage="100% (2/2)">
                  <conditions>
                    <condition number="254" type="jump" coverage="100%" />
                  </conditions>
                </line>
                <line number="242" hits="9" branch="False" />
                <line number="243" hits="9" branch="False" />
                <line number="246" hits="89" branch="True" condition-coverage="100% (2/2)">
                  <conditions>
                    <condition number="283" type="jump" coverage="100%" />
                  </conditions>
                </line>
                <line number="247" hits="31" branch="False" />
                <line number="248" hits="31" branch="False" />
                <line number="251" hits="58" branch="True" condition-coverage="100% (2/2)">
                  <conditions>
                    <condition number="313" type="jump" coverage="100%" />
                  </conditions>
                </line>
                <line number="252" hits="27" branch="False" />
                <line number="253" hits="27" branch="False" />
                <line number="256" hits="31" branch="False" />
                <line number="257" hits="98" branch="False" />
              </lines>
            </method>
            <method name="GetBaseFee" signature="(ProiectTSS.Dtos.ShippingZone)" line-rate="1" branch-rate="1" complexity="4">
              <lines>
                <line number="265" hits="52" branch="False" />
                <line number="266" hits="52" branch="True" condition-coverage="100% (4/4)">
                  <conditions>
                    <condition number="8" type="switch" coverage="100%" />
                  </conditions>
                </line>
                <line number="267" hits="52" branch="False" />
                <line number="268" hits="23" branch="False" />
                <line number="269" hits="10" branch="False" />
                <line number="270" hits="17" branch="False" />
                <line number="271" hits="2" branch="False" />
                <line number="272" hits="52" branch="False" />
                <line number="273" hits="52" branch="False" />
              </lines>
            </method>
            <method name="GetPerKgRate" signature="(ProiectTSS.Dtos.ShippingZone)" line-rate="1" branch-rate="1" complexity="4">
              <lines>
                <line number="281" hits="52" branch="False" />
                <line number="282" hits="52" branch="True" condition-coverage="100% (4/4)">
                  <conditions>
                    <condition number="8" type="switch" coverage="100%" />
                  </conditions>
                </line>
                <line number="283" hits="52" branch="False" />
                <line number="284" hits="23" branch="False" />
                <line number="285" hits="10" branch="False" />
                <line number="286" hits="17" branch="False" />
                <line number="287" hits="2" branch="False" />
                <line number="288" hits="52" branch="False" />
                <line number="289" hits="52" branch="False" />
              </lines>
            </method>
            <method name="GetSizeFee" signature="(ProiectTSS.Dtos.ShippingZone,ProiectTSS.Dtos.ParcelSize)" line-rate="1" branch-rate="1" complexity="12">
              <lines>
                <line number="298" hits="196" branch="False" />
                <line number="299" hits="196" branch="True" condition-coverage="100% (4/4)">
                  <conditions>
                    <condition number="8" type="switch" coverage="100%" />
                  </conditions>
                </line>
                <line number="300" hits="196" branch="False" />
                <line number="301" hits="82" branch="False" />
                <line number="302" hits="51" branch="True" condition-coverage="100% (4/4)">
                  <conditions>
                    <condition number="48" type="switch" coverage="100%" />
                  </conditions>
                </line>
                <line number="303" hits="51" branch="False" />
                <line number="304" hits="21" branch="False" />
                <line number="305" hits="14" branch="False" />
                <line number="306" hits="15" branch="False" />
                <line number="307" hits="1" branch="False" />
                <line number="308" hits="51" branch="False" />
                <line number="309" hits="62" branch="True" condition-coverage="100% (4/4)">
                  <conditions>
                    <condition number="118" type="switch" coverage="100%" />
                  </conditions>
                </line>
                <line number="310" hits="62" branch="False" />
                <line number="311" hits="18" branch="False" />
                <line number="312" hits="13" branch="False" />
                <line number="313" hits="30" branch="False" />
                <line number="314" hits="1" branch="False" />
                <line number="315" hits="62" branch="False" />
                <line number="316" hits="1" branch="False" />
                <line number="317" hits="196" branch="False" />
                <line number="318" hits="196" branch="False" />
              </lines>
            </method>
            <method name="RoundCurrency" signature="(System.Decimal)" line-rate="1" branch-rate="1" complexity="1">
              <lines>
                <line number="325" hits="1430" branch="False" />
              </lines>
            </method>
          </methods>
          <lines>
            <line number="26" hits="155" branch="False" />
            <line number="27" hits="155" branch="False" />
            <line number="28" hits="155" branch="False" />
            <line number="29" hits="155" branch="False" />
            <line number="31" hits="155" branch="False" />
            <line number="33" hits="144" branch="False" />
            <line number="34" hits="144" branch="False" />
            <line number="36" hits="144" branch="True" condition-coverage="100% (2/2)">
              <conditions>
                <condition number="59" type="jump" coverage="100%" />
              </conditions>
            </line>
            <line number="37" hits="31" branch="False" />
            <line number="38" hits="31" branch="False" />
            <line number="39" hits="31" branch="False" />
            <line number="40" hits="31" branch="False" />
            <line number="42" hits="113" branch="False" />
            <line number="43" hits="113" branch="True" condition-coverage="100% (2/2)">
              <conditions>
                <condition number="118" type="jump" coverage="100%" />
              </conditions>
            </line>
            <line number="44" hits="61" branch="False" />
            <line number="45" hits="61" branch="False" />
            <line number="46" hits="380" branch="True" condition-coverage="100% (2/2)">
              <conditions>
                <condition number="270" type="jump" coverage="100%" />
              </conditions>
            </line>
            <line number="47" hits="99" branch="False" />
            <line number="48" hits="99" branch="False" />
            <line number="49" hits="99" branch="False" />
            <line number="50" hits="98" branch="False" />
            <line number="51" hits="98" branch="False" />
            <line number="52" hits="60" branch="False" />
            <line number="54" hits="52" branch="False" />
            <line number="55" hits="52" branch="False" />
            <line number="56" hits="52" branch="False" />
            <line number="57" hits="52" branch="False" />
            <line number="58" hits="352" branch="True" condition-coverage="100% (2/2)">
              <conditions>
                <condition number="470" type="jump" coverage="100%" />
              </conditions>
            </line>
            <line number="59" hits="98" branch="False" />
            <line number="60" hits="98" branch="False" />
            <line number="61" hits="98" branch="False" />
            <line number="62" hits="98" branch="False" />
            <line number="63" hits="98" branch="False" />
            <line number="64" hits="52" branch="False" />
            <line number="65" hits="112" branch="False" />
            <line number="67" hits="143" branch="True" condition-coverage="100% (2/2)">
              <conditions>
                <condition number="506" type="jump" coverage="100%" />
              </conditions>
            </line>
            <line number="68" hits="60" branch="False" />
            <line number="69" hits="60" branch="False" />
            <line number="70" hits="60" branch="False" />
            <line number="71" hits="60" branch="False" />
            <line number="73" hits="143" branch="False" />
            <line number="74" hits="143" branch="True" condition-coverage="100% (2/2)">
              <conditions>
                <condition number="613" type="jump" coverage="100%" />
              </conditions>
            </line>
            <line number="75" hits="52" branch="False" />
            <line number="76" hits="52" branch="False" />
            <line number="77" hits="52" branch="False" />
            <line number="78" hits="52" branch="False" />
            <line number="80" hits="143" branch="False" />
            <line number="81" hits="143" branch="False" />
            <line number="83" hits="143" branch="False" />
            <line number="84" hits="143" branch="True" condition-coverage="100% (4/4)">
              <conditions>
                <condition number="703" type="jump" coverage="100%" />
                <condition number="746" type="jump" coverage="100%" />
              </conditions>
            </line>
            <line number="85" hits="26" branch="False" />
            <line number="86" hits="26" branch="False" />
            <line number="87" hits="26" branch="False" />
            <line number="88" hits="26" branch="False" />
            <line number="89" hits="26" branch="False" />
            <line number="90" hits="117" branch="True" condition-coverage="100% (2/2)">
              <conditions>
                <condition number="798" type="jump" coverage="100%" />
              </conditions>
            </line>
            <line number="91" hits="39" branch="False" />
            <line number="92" hits="39" branch="False" />
            <line number="93" hits="39" branch="False" />
            <line number="94" hits="39" branch="False" />
            <line number="95" hits="39" branch="False" />
            <line number="97" hits="143" branch="True" condition-coverage="100% (6/6)">
              <conditions>
                <condition number="865" type="jump" coverage="100%" />
                <condition number="905" type="jump" coverage="100%" />
                <condition number="944" type="jump" coverage="100%" />
              </conditions>
            </line>
            <line number="98" hits="13" branch="False" />
            <line number="99" hits="13" branch="False" />
            <line number="100" hits="13" branch="False" />
            <line number="101" hits="13" branch="False" />
            <line number="102" hits="13" branch="False" />
            <line number="104" hits="143" branch="False" />
            <line number="105" hits="143" branch="False" />
            <line number="106" hits="143" branch="False" />
            <line number="107" hits="143" branch="False" />
            <line number="108" hits="143" branch="False" />
            <line number="109" hits="143" branch="False" />
            <line number="110" hits="143" branch="False" />
            <line number="111" hits="143" branch="False" />
            <line number="112" hits="143" branch="False" />
            <line number="114" hits="143" branch="False" />
            <line number="115" hits="143" branch="False" />
            <line number="116" hits="143" branch="False" />
            <line number="117" hits="143" branch="False" />
            <line number="118" hits="143" branch="False" />
            <line number="119" hits="143" branch="False" />
            <line number="120" hits="143" branch="False" />
            <line number="121" hits="143" branch="False" />
            <line number="136" hits="155" branch="False" />
            <line number="137" hits="155" branch="True" condition-coverage="100% (2/2)">
              <conditions>
                <condition number="17" type="jump" coverage="100%" />
              </conditions>
            </line>
            <line number="138" hits="1" branch="False" />
            <line number="139" hits="1" branch="False" />
            <line number="142" hits="412" branch="True" condition-coverage="100% (2/2)">
              <conditions>
                <condition number="75" type="jump" coverage="100%" />
              </conditions>
            </line>
            <line number="143" hits="1" branch="False" />
            <line number="144" hits="1" branch="False" />
            <line number="147" hits="153" branch="True" condition-coverage="100% (2/2)">
              <conditions>
                <condition number="107" type="jump" coverage="100%" />
              </conditions>
            </line>
            <line number="148" hits="1" branch="False" />
            <line number="149" hits="1" branch="False" />
            <line number="152" hits="152" branch="True" condition-coverage="100% (4/4)">
              <conditions>
                <condition number="128" type="jump" coverage="100%" />
                <condition number="153" type="jump" coverage="100%" />
              </conditions>
            </line>
            <line number="153" hits="1" branch="False" />
            <line number="154" hits="1" branch="False" />
            <line number="157" hits="151" branch="True" condition-coverage="100% (4/4)">
              <conditions>
                <condition number="174" type="jump" coverage="100%" />
                <condition number="221" type="jump" coverage="100%" />
              </conditions>
            </line>
            <line number="158" hits="1" branch="False" />
            <line number="159" hits="1" branch="False" />
            <line number="162" hits="150" branch="True" condition-coverage="100% (2/2)">
              <conditions>
                <condition number="249" type="jump" coverage="100%" />
              </conditions>
            </line>
            <line number="163" hits="1" branch="False" />
            <line number="164" hits="1" branch="False" />
            <line number="167" hits="149" branch="True" condition-coverage="100% (2/2)">
              <conditions>
                <condition number="277" type="jump" coverage="100%" />
              </conditions>
            </line>
            <line number="168" hits="1" branch="False" />
            <line number="169" hits="1" branch="False" />
            <line number="172" hits="400" branch="True" condition-coverage="100% (2/2)">
              <conditions>
                <condition number="337" type="jump" coverage="100%" />
              </conditions>
            </line>
            <line number="173" hits="1" branch="False" />
            <line number="174" hits="1" branch="False" />
            <line number="177" hits="147" branch="True" condition-coverage="100% (2/2)">
              <conditions>
                <condition number="367" type="jump" coverage="100%" />
              </conditions>
            </line>
            <line number="178" hits="54" branch="False" />
            <line number="179" hits="54" branch="True" condition-coverage="100% (2/2)">
              <conditions>
                <condition number="397" type="jump" coverage="100%" />
              </conditions>
            </line>
            <line number="180" hits="2" branch="False" />
            <line number="181" hits="2" branch="False" />
            <line number="184" hits="52" branch="True" condition-coverage="100% (2/2)">
              <conditions>
                <condition number="436" type="jump" coverage="100%" />
              </conditions>
            </line>
            <line number="185" hits="1" branch="False" />
            <line number="186" hits="1" branch="False" />
            <line number="188" hits="51" branch="False" />
            <line number="189" hits="144" branch="False" />
            <line number="198" hits="39" branch="False" />
            <line number="199" hits="39" branch="True" condition-coverage="100% (6/6)">
              <conditions>
                <condition number="19" type="jump" coverage="100%" />
                <condition number="31" type="jump" coverage="100%" />
                <condition number="37" type="jump" coverage="100%" />
              </conditions>
            </line>
            <line number="200" hits="39" branch="False" />
            <line number="201" hits="20" branch="False" />
            <line number="202" hits="18" branch="False" />
            <line number="203" hits="1" branch="False" />
            <line number="204" hits="39" branch="False" />
            <line number="206" hits="39" branch="False" />
            <line number="207" hits="39" branch="False" />
            <line number="216" hits="197" branch="False" />
            <line number="217" hits="197" branch="True" condition-coverage="100% (4/4)">
              <conditions>
                <condition number="7" type="jump" coverage="100%" />
                <condition number="13" type="jump" coverage="100%" />
              </conditions>
            </line>
            <line number="218" hits="197" branch="False" />
            <line number="219" hits="56" branch="False" />
            <line number="220" hits="51" branch="False" />
            <line number="221" hits="90" branch="False" />
            <line number="222" hits="197" branch="False" />
            <line number="223" hits="197" branch="False" />
            <line number="232" hits="99" branch="False" />
            <line number="233" hits="99" branch="True" condition-coverage="100% (4/4)">
              <conditions>
                <condition number="8" type="switch" coverage="100%" />
              </conditions>
            </line>
            <line number="234" hits="99" branch="False" />
            <line number="235" hits="43" branch="False" />
            <line number="236" hits="25" branch="False" />
            <line number="237" hits="30" branch="False" />
            <line number="238" hits="1" branch="False" />
            <line number="239" hits="99" branch="False" />
            <line number="241" hits="98" branch="True" condition-coverage="100% (2/2)">
              <conditions>
                <condition number="254" type="jump" coverage="100%" />
              </conditions>
            </line>
            <line number="242" hits="9" branch="False" />
            <line number="243" hits="9" branch="False" />
            <line number="246" hits="89" branch="True" condition-coverage="100% (2/2)">
              <conditions>
                <condition number="283" type="jump" coverage="100%" />
              </conditions>
            </line>
            <line number="247" hits="31" branch="False" />
            <line number="248" hits="31" branch="False" />
            <line number="251" hits="58" branch="True" condition-coverage="100% (2/2)">
              <conditions>
                <condition number="313" type="jump" coverage="100%" />
              </conditions>
            </line>
            <line number="252" hits="27" branch="False" />
            <line number="253" hits="27" branch="False" />
            <line number="256" hits="31" branch="False" />
            <line number="257" hits="98" branch="False" />
            <line number="265" hits="52" branch="False" />
            <line number="266" hits="52" branch="True" condition-coverage="100% (4/4)">
              <conditions>
                <condition number="8" type="switch" coverage="100%" />
              </conditions>
            </line>
            <line number="267" hits="52" branch="False" />
            <line number="268" hits="23" branch="False" />
            <line number="269" hits="10" branch="False" />
            <line number="270" hits="17" branch="False" />
            <line number="271" hits="2" branch="False" />
            <line number="272" hits="52" branch="False" />
            <line number="273" hits="52" branch="False" />
            <line number="281" hits="52" branch="False" />
            <line number="282" hits="52" branch="True" condition-coverage="100% (4/4)">
              <conditions>
                <condition number="8" type="switch" coverage="100%" />
              </conditions>
            </line>
            <line number="283" hits="52" branch="False" />
            <line number="284" hits="23" branch="False" />
            <line number="285" hits="10" branch="False" />
            <line number="286" hits="17" branch="False" />
            <line number="287" hits="2" branch="False" />
            <line number="288" hits="52" branch="False" />
            <line number="289" hits="52" branch="False" />
            <line number="298" hits="196" branch="False" />
            <line number="299" hits="196" branch="True" condition-coverage="100% (4/4)">
              <conditions>
                <condition number="8" type="switch" coverage="100%" />
              </conditions>
            </line>
            <line number="300" hits="196" branch="False" />
            <line number="301" hits="82" branch="False" />
            <line number="302" hits="51" branch="True" condition-coverage="100% (4/4)">
              <conditions>
                <condition number="48" type="switch" coverage="100%" />
              </conditions>
            </line>
            <line number="303" hits="51" branch="False" />
            <line number="304" hits="21" branch="False" />
            <line number="305" hits="14" branch="False" />
            <line number="306" hits="15" branch="False" />
            <line number="307" hits="1" branch="False" />
            <line number="308" hits="51" branch="False" />
            <line number="309" hits="62" branch="True" condition-coverage="100% (4/4)">
              <conditions>
                <condition number="118" type="switch" coverage="100%" />
              </conditions>
            </line>
            <line number="310" hits="62" branch="False" />
            <line number="311" hits="18" branch="False" />
            <line number="312" hits="13" branch="False" />
            <line number="313" hits="30" branch="False" />
            <line number="314" hits="1" branch="False" />
            <line number="315" hits="62" branch="False" />
            <line number="316" hits="1" branch="False" />
            <line number="317" hits="196" branch="False" />
            <line number="318" hits="196" branch="False" />
            <line number="325" hits="1430" branch="False" />
          </lines>
        </class>
        <class name="ProiectTSS.Dtos.ShippingQuoteRequest" filename="Dtos\ShippingQuoteRequest.cs" line-rate="1" branch-rate="1" complexity="10">
          <methods>
            <method name="get_Zone" signature="()" line-rate="1" branch-rate="1" complexity="1">
              <lines>
                <line number="13" hits="353" branch="False" />
              </lines>
            </method>
            <method name="get_Subtotal" signature="()" line-rate="1" branch-rate="1" complexity="1">
              <lines>
                <line number="18" hits="375" branch="False" />
              </lines>
            </method>
            <method name="get_Options" signature="()" line-rate="1" branch-rate="1" complexity="1">
              <lines>
                <line number="23" hits="609" branch="False" />
              </lines>
            </method>
            <method name="get_Parcels" signature="()" line-rate="1" branch-rate="1" complexity="1">
              <lines>
                <line number="28" hits="981" branch="False" />
              </lines>
            </method>
            <method name="get_Coupon" signature="()" line-rate="1" branch-rate="1" complexity="1">
              <lines>
                <line number="33" hits="561" branch="False" />
              </lines>
            </method>
            <method name="get_PricingModel" signature="()" line-rate="1" branch-rate="1" complexity="1">
              <lines>
                <line number="38" hits="352" branch="False" />
              </lines>
            </method>
            <method name="get_RoundingRule" signature="()" line-rate="1" branch-rate="1" complexity="1">
              <lines>
                <line number="43" hits="320" branch="False" />
              </lines>
            </method>
            <method name="get_FreeShippingThreshold" signature="()" line-rate="1" branch-rate="1" complexity="1">
              <lines>
                <line number="48" hits="346" branch="False" />
              </lines>
            </method>
            <method name="get_MaxCap" signature="()" line-rate="1" branch-rate="1" complexity="1">
              <lines>
                <line number="53" hits="410" branch="False" />
              </lines>
            </method>
            <method name="get_FallbackZonePrice" signature="()" line-rate="1" branch-rate="1" complexity="1">
              <lines>
                <line number="58" hits="242" branch="False" />
              </lines>
            </method>
          </methods>
          <lines>
            <line number="13" hits="353" branch="False" />
            <line number="18" hits="375" branch="False" />
            <line number="23" hits="609" branch="False" />
            <line number="28" hits="981" branch="False" />
            <line number="33" hits="561" branch="False" />
            <line number="38" hits="352" branch="False" />
            <line number="43" hits="320" branch="False" />
            <line number="48" hits="346" branch="False" />
            <line number="53" hits="410" branch="False" />
            <line number="58" hits="242" branch="False" />
          </lines>
        </class>
        <class name="ProiectTSS.Dtos.ShippingOptions" filename="Dtos\ShippingQuoteRequest.cs" line-rate="1" branch-rate="1" complexity="2">
          <methods>
            <method name="get_Rapid" signature="()" line-rate="1" branch-rate="1" complexity="1">
              <lines>
                <line number="69" hits="308" branch="False" />
              </lines>
            </method>
            <method name="get_Fragil" signature="()" line-rate="1" branch-rate="1" complexity="1">
              <lines>
                <line number="74" hits="308" branch="False" />
              </lines>
            </method>
          </methods>
          <lines>
            <line number="69" hits="308" branch="False" />
            <line number="74" hits="308" branch="False" />
          </lines>
        </class>
        <class name="ProiectTSS.Dtos.ParcelInput" filename="Dtos\ShippingQuoteRequest.cs" line-rate="1" branch-rate="1" complexity="2">
          <methods>
            <method name="get_WeightKg" signature="()" line-rate="1" branch-rate="1" complexity="1">
              <lines>
                <line number="85" hits="750" branch="False" />
              </lines>
            </method>
            <method name="get_Size" signature="()" line-rate="1" branch-rate="1" complexity="1">
              <lines>
                <line number="90" hits="743" branch="False" />
              </lines>
            </method>
          </methods>
          <lines>
            <line number="85" hits="750" branch="False" />
            <line number="90" hits="743" branch="False" />
          </lines>
        </class>
        <class name="ProiectTSS.Dtos.CouponInput" filename="Dtos\ShippingQuoteRequest.cs" line-rate="1" branch-rate="1" complexity="2">
          <methods>
            <method name="get_Type" signature="()" line-rate="1" branch-rate="1" complexity="1">
              <lines>
                <line number="101" hits="147" branch="False" />
              </lines>
            </method>
            <method name="get_Value" signature="()" line-rate="1" branch-rate="1" complexity="1">
              <lines>
                <line number="106" hits="144" branch="False" />
              </lines>
            </method>
          </methods>
          <lines>
            <line number="101" hits="147" branch="False" />
            <line number="106" hits="144" branch="False" />
          </lines>
        </class>
        <class name="ProiectTSS.Dtos.ShippingQuoteResponse" filename="Dtos\ShippingQuoteResponse.cs" line-rate="1" branch-rate="1" complexity="4">
          <methods>
            <method name="get_ShippingCost" signature="()" line-rate="1" branch-rate="1" complexity="1">
              <lines>
                <line number="11" hits="379" branch="False" />
              </lines>
            </method>
            <method name="get_Currency" signature="()" line-rate="1" branch-rate="1" complexity="1">
              <lines>
                <line number="16" hits="391" branch="False" />
              </lines>
            </method>
            <method name="get_Breakdown" signature="()" line-rate="1" branch-rate="1" complexity="1">
              <lines>
                <line number="21" hits="415" branch="False" />
              </lines>
            </method>
            <method name="get_RuleApplied" signature="()" line-rate="1" branch-rate="1" complexity="1">
              <lines>
                <line number="26" hits="301" branch="False" />
              </lines>
            </method>
          </methods>
          <lines>
            <line number="11" hits="379" branch="False" />
            <line number="16" hits="391" branch="False" />
            <line number="21" hits="415" branch="False" />
            <line number="26" hits="301" branch="False" />
          </lines>
        </class>
        <class name="ProiectTSS.Dtos.ShippingBreakdown" filename="Dtos\ShippingQuoteResponse.cs" line-rate="1" branch-rate="1" complexity="10">
          <methods>
            <method name="get_BaseFee" signature="()" line-rate="1" branch-rate="1" complexity="1">
              <lines>
                <line number="37" hits="517" branch="False" />
              </lines>
            </method>
            <method name="get_PerKgFee" signature="()" line-rate="1" branch-rate="1" complexity="1">
              <lines>
                <line number="42" hits="827" branch="False" />
              </lines>
            </method>
            <method name="get_SizeFee" signature="()" line-rate="1" branch-rate="1" complexity="1">
              <lines>
                <line number="47" hits="829" branch="False" />
              </lines>
            </method>
            <method name="get_FragileSurcharge" signature="()" line-rate="1" branch-rate="1" complexity="1">
              <lines>
                <line number="52" hits="492" branch="False" />
              </lines>
            </method>
            <method name="get_RapidSurcharge" signature="()" line-rate="1" branch-rate="1" complexity="1">
              <lines>
                <line number="57" hits="484" branch="False" />
              </lines>
            </method>
            <method name="get_CouponDiscount" signature="()" line-rate="1" branch-rate="1" complexity="1">
              <lines>
                <line number="62" hits="371" branch="False" />
              </lines>
            </method>
            <method name="get_FreeShippingDiscount" signature="()" line-rate="1" branch-rate="1" complexity="1">
              <lines>
                <line number="67" hits="316" branch="False" />
              </lines>
            </method>
            <method name="get_CapReduction" signature="()" line-rate="1" branch-rate="1" complexity="1">
              <lines>
                <line number="72" hits="303" branch="False" />
              </lines>
            </method>
            <method name="get_SubtotalBeforeDiscounts" signature="()" line-rate="1" branch-rate="1" complexity="1">
              <lines>
                <line number="77" hits="146" branch="False" />
              </lines>
            </method>
            <method name="get_SubtotalAfterDiscounts" signature="()" line-rate="1" branch-rate="1" complexity="1">
              <lines>
                <line number="82" hits="389" branch="False" />
              </lines>
            </method>
          </methods>
          <lines>
            <line number="37" hits="517" branch="False" />
            <line number="42" hits="827" branch="False" />
            <line number="47" hits="829" branch="False" />
            <line number="52" hits="492" branch="False" />
            <line number="57" hits="484" branch="False" />
            <line number="62" hits="371" branch="False" />
            <line number="67" hits="316" branch="False" />
            <line number="72" hits="303" branch="False" />
            <line number="77" hits="146" branch="False" />
            <line number="82" hits="389" branch="False" />
          </lines>
        </class>
        <class name="ProiectTSS.Controllers.ShippingController" filename="Controllers\ShippingController.cs" line-rate="1" branch-rate="1" complexity="2">
          <methods>
            <method name="Quote" signature="(ProiectTSS.Dtos.ShippingQuoteRequest)" line-rate="1" branch-rate="1" complexity="1">
              <lines>
                <line number="21" hits="3" branch="False" />
                <line number="23" hits="3" branch="False" />
                <line number="24" hits="3" branch="False" />
                <line number="25" hits="2" branch="False" />
                <line number="27" hits="1" branch="False" />
                <line number="28" hits="1" branch="False" />
                <line number="29" hits="1" branch="False" />
                <line number="31" hits="3" branch="False" />
              </lines>
            </method>
            <method name=".ctor" signature="(ProiectTSS.IServices.IShippingCalculatorService)" line-rate="1" branch-rate="1" complexity="1">
              <lines>
                <line number="12" hits="3" branch="False" />
              </lines>
            </method>
          </methods>
          <lines>
            <line number="21" hits="3" branch="False" />
            <line number="23" hits="3" branch="False" />
            <line number="24" hits="3" branch="False" />
            <line number="25" hits="2" branch="False" />
            <line number="27" hits="1" branch="False" />
            <line number="28" hits="1" branch="False" />
            <line number="29" hits="1" branch="False" />
            <line number="31" hits="3" branch="False" />
            <line number="12" hits="3" branch="False" />
          </lines>
        </class>
      </classes>
    </package>
  </packages>
</coverage>